05-04-2021 10:10:58 INFO  LoggingAspect:18 - Attempting incoming request: execution(ResponseEntity com.revature.controllers.BuildingController.deleteBuilding(int,int,String))
05-04-2021 10:10:58 INFO  LoggingAspect:24 - Completed request: execution(ResponseEntity com.revature.controllers.BuildingController.deleteBuilding(int,int,String))
05-04-2021 10:10:58 INFO  LoggingAspect:18 - Attempting incoming request: execution(ResponseEntity com.revature.controllers.BuildingController.updateBuilding(int,int,BuildingDto,String))
05-04-2021 10:10:58 INFO  LoggingAspect:24 - Completed request: execution(ResponseEntity com.revature.controllers.BuildingController.updateBuilding(int,int,BuildingDto,String))
05-04-2021 10:10:58 INFO  LoggingAspect:18 - Attempting incoming request: execution(ResponseEntity com.revature.controllers.BuildingController.deleteBuilding(int,int,String))
05-04-2021 10:10:58 INFO  LoggingAspect:24 - Completed request: execution(ResponseEntity com.revature.controllers.BuildingController.deleteBuilding(int,int,String))
05-04-2021 10:10:58 INFO  LoggingAspect:18 - Attempting incoming request: execution(ResponseEntity com.revature.controllers.BuildingController.deleteBuilding(int,int,String))
05-04-2021 10:10:58 INFO  LoggingAspect:24 - Completed request: execution(ResponseEntity com.revature.controllers.BuildingController.deleteBuilding(int,int,String))
05-04-2021 10:10:58 INFO  LoggingAspect:18 - Attempting incoming request: execution(ResponseEntity com.revature.controllers.BuildingController.createBuilding(int,BuildingDto,String))
05-04-2021 10:10:58 INFO  LoggingAspect:24 - Completed request: execution(ResponseEntity com.revature.controllers.BuildingController.createBuilding(int,BuildingDto,String))
05-04-2021 10:10:58 INFO  LoggingAspect:18 - Attempting incoming request: execution(ResponseEntity com.revature.controllers.BuildingController.updateBuilding(int,int,BuildingDto,String))
05-04-2021 10:10:58 INFO  LoggingAspect:24 - Completed request: execution(ResponseEntity com.revature.controllers.BuildingController.updateBuilding(int,int,BuildingDto,String))
05-04-2021 10:10:58 INFO  LoggingAspect:18 - Attempting incoming request: execution(ResponseEntity com.revature.controllers.BuildingController.getAllBuildings(int,String))
05-04-2021 10:10:58 INFO  LoggingAspect:24 - Completed request: execution(ResponseEntity com.revature.controllers.BuildingController.getAllBuildings(int,String))
05-04-2021 10:10:58 INFO  LoggingAspect:18 - Attempting incoming request: execution(ResponseEntity com.revature.controllers.BuildingController.createBuilding(int,BuildingDto,String))
05-04-2021 10:10:58 INFO  LoggingAspect:24 - Completed request: execution(ResponseEntity com.revature.controllers.BuildingController.createBuilding(int,BuildingDto,String))
05-04-2021 10:10:58 INFO  LoggingAspect:18 - Attempting incoming request: execution(ResponseEntity com.revature.controllers.BuildingController.deleteBuilding(int,int,String))
05-04-2021 10:10:59 INFO  LoggingAspect:24 - Completed request: execution(ResponseEntity com.revature.controllers.BuildingController.deleteBuilding(int,int,String))
05-04-2021 10:10:59 INFO  LoggingAspect:18 - Attempting incoming request: execution(ResponseEntity com.revature.controllers.BuildingController.getAllBuildings(int,String))
05-04-2021 10:10:59 INFO  LoggingAspect:24 - Completed request: execution(ResponseEntity com.revature.controllers.BuildingController.getAllBuildings(int,String))
05-04-2021 10:10:59 INFO  LoggingAspect:18 - Attempting incoming request: execution(ResponseEntity com.revature.controllers.BuildingController.createBuilding(int,BuildingDto,String))
05-04-2021 10:10:59 INFO  LoggingAspect:24 - Completed request: execution(ResponseEntity com.revature.controllers.BuildingController.createBuilding(int,BuildingDto,String))
05-04-2021 10:10:59 INFO  LoggingAspect:18 - Attempting incoming request: execution(ResponseEntity com.revature.controllers.BuildingController.getBuildingById(int,int,String))
05-04-2021 10:10:59 INFO  LoggingAspect:24 - Completed request: execution(ResponseEntity com.revature.controllers.BuildingController.getBuildingById(int,int,String))
05-04-2021 10:10:59 INFO  LoggingAspect:18 - Attempting incoming request: execution(ResponseEntity com.revature.controllers.BuildingController.getBuildingById(int,int,String))
05-04-2021 10:10:59 INFO  LoggingAspect:24 - Completed request: execution(ResponseEntity com.revature.controllers.BuildingController.getBuildingById(int,int,String))
05-04-2021 10:10:59 INFO  LoggingAspect:18 - Attempting incoming request: execution(ResponseEntity com.revature.controllers.BuildingController.updateBuilding(int,int,BuildingDto,String))
05-04-2021 10:10:59 INFO  LoggingAspect:24 - Completed request: execution(ResponseEntity com.revature.controllers.BuildingController.updateBuilding(int,int,BuildingDto,String))
05-04-2021 10:10:59 INFO  LoggingAspect:18 - Attempting incoming request: execution(ResponseEntity com.revature.controllers.BuildingController.updateBuilding(int,int,BuildingDto,String))
05-04-2021 10:10:59 INFO  LoggingAspect:24 - Completed request: execution(ResponseEntity com.revature.controllers.BuildingController.updateBuilding(int,int,BuildingDto,String))
05-04-2021 10:10:59 INFO  LoggingAspect:18 - Attempting incoming request: execution(ResponseEntity com.revature.controllers.BuildingController.deleteBuilding(int,int,String))
05-04-2021 10:10:59 INFO  LoggingAspect:24 - Completed request: execution(ResponseEntity com.revature.controllers.BuildingController.deleteBuilding(int,int,String))
